<?xml version="1.0" encoding="UTF-8"?>
<!-- Generated by org.testng.reporters.JUnitReportReporter -->
<testsuite hostname="TALENTCLASS112" failures="0" tests="3" name="rahulshettyacademy.tests.SubmitOrderTest" time="22.375" errors="0" timestamp="2024-05-28T15:56:06 CEST" skipped="0">
  <testcase classname="rahulshettyacademy.tests.SubmitOrderTest" name="submitOrder" time="9.494"/>
  <testcase classname="rahulshettyacademy.tests.SubmitOrderTest" name="submitOrder" time="8.059"/>
  <testcase classname="rahulshettyacademy.tests.SubmitOrderTest" name="OrderHistoryTest" time="4.822"/>
</testsuite> <!-- rahulshettyacademy.tests.SubmitOrderTest -->
