<?xml version="1.0" encoding="UTF-8"?>
<!-- Generated by org.testng.reporters.JUnitReportReporter -->
<testsuite hostname="TALENTCLASS112" failures="0" tests="1" name="rahulshettyacademy.tests.ErrorValidations" time="5.520" errors="0" timestamp="2024-05-24T15:25:53 CEST" skipped="0">
  <testcase classname="rahulshettyacademy.tests.ErrorValidations" name="submitOrder" time="5.520"/>
</testsuite> <!-- rahulshettyacademy.tests.ErrorValidations -->
