<?xml version="1.0" encoding="UTF-8"?>
<!-- Generated by org.testng.reporters.JUnitReportReporter -->
<testsuite hostname="TALENTCLASS112" failures="0" tests="1" name="Cucumber.TestNGTestRunner" time="9.857" errors="0" timestamp="2024-05-29T15:29:22 CEST" skipped="0">
  <testcase classname="Cucumber.TestNGTestRunner" name="runScenario" time="9.857"/>
</testsuite> <!-- Cucumber.TestNGTestRunner -->
