<?xml version="1.0" encoding="UTF-8"?>
<!-- Generated by org.testng.reporters.JUnitReportReporter -->
<testsuite hostname="TALENTCLASS112" failures="0" tests="2" name="rahulshettyacademy.tests.ErrorValidationsTest" time="14.665" errors="0" timestamp="2024-05-29T11:02:02 CEST" skipped="0">
  <testcase classname="rahulshettyacademy.tests.ErrorValidationsTest" name="ProductErrorValidation" time="8.863"/>
  <testcase classname="rahulshettyacademy.tests.ErrorValidationsTest" name="LoginErrorValidation" time="5.802"/>
</testsuite> <!-- rahulshettyacademy.tests.ErrorValidationsTest -->
